<?xml version="1.0" encoding="UTF-8"?>
<!-- Generated by org.testng.reporters.JUnitReportReporter -->
<testsuite skipped="0" hostname="Whisper" name="TestNG.seltest1" tests="1" failures="0" timestamp="2019-11-04T15:10:37 AEDT" time="5.603" errors="0">
  <testcase name="verifylogin" time="5.603" classname="TestNG.seltest1"/>
</testsuite> <!-- TestNG.seltest1 -->
