<?xml version="1.0" encoding="UTF-8"?>
<!-- Generated by org.testng.reporters.JUnitReportReporter -->
<testsuite skipped="0" hostname="Whisper" name="TestNG.seltest1" tests="1" failures="0" timestamp="2019-11-04T12:08:50 AEDT" time="6.027" errors="0">
  <testcase name="verifylogin" time="6.027" classname="TestNG.seltest1"/>
</testsuite> <!-- TestNG.seltest1 -->
